[debug] [2026-07-01T17:21:55.006Z] : 
[debug] [2026-07-01T17:21:55.007Z] : ----------------------------------------------------------------------
[debug] [2026-07-01T17:21:55.007Z] : Command:      C:\Program Files\nodejs\node.exe C:\Users\Prit Sachani\AppData\Roaming\npm\node_modules\zcatalyst-cli\lib\bin\catalyst.js functions:add
[debug] [2026-07-01T17:21:55.007Z] : CLI Version:  1.26.1
[debug] [2026-07-01T17:21:55.007Z] : Platform:     win32
[debug] [2026-07-01T17:21:55.007Z] : Node Version: v24.16.0
[debug] [2026-07-01T17:21:55.007Z] : Time:         Wed Jul 01 2026 22:51:55 GMT+0530 (India Standard Time)
[debug] [2026-07-01T17:21:55.007Z] : ----------------------------------------------------------------------
[debug] [2026-07-01T17:21:55.007Z] : 
[debug] [2026-07-01T17:21:55.542Z] : > authorizing via signed-in user option
[debug] [2026-07-01T17:21:55.542Z] : > command requires scopes: ["ZohoCatalyst.projects.ALL","ZohoCatalyst.functions.ALL"]
[debug] [2026-07-01T17:21:55.552Z] : >>>> HTTP REQUEST : GET https://api.catalyst.zoho.in/baas/v1/project/43167000000013025 

[debug] [2026-07-01T17:21:55.679Z] : <<<< HTTP RESPONSE : 200
Response Headers: {"server":"ZGS","date":"Wed, 01 Jul 2026 17:21:55 GMT","content-type":"application/vnd.catalyst.v2+json","transfer-encoding":"chunked","connection":"keep-alive","x-content-type-options":"nosniff","cache-control":"private,no-cache,no-store,max-age=0,must-revalidate","pragma":"no-cache","expires":"Thu, 01 Jan 1970 00:00:00 GMT","x-frame-options":"DENY","strict-transport-security":"max-age=64072000; includeSubDomains; preload"}

[debug] [2026-07-01T17:21:55.681Z] : >>>> HTTP REQUEST : GET https://api.catalyst.zoho.in/baas/v1/project/43167000000013025/environment 

[debug] [2026-07-01T17:21:55.712Z] : <<<< HTTP RESPONSE : 200
Response Headers: {"server":"ZGS","date":"Wed, 01 Jul 2026 17:21:55 GMT","content-type":"application/vnd.catalyst.v2+json","transfer-encoding":"chunked","connection":"keep-alive","x-content-type-options":"nosniff","cache-control":"private,no-cache,no-store,max-age=0,must-revalidate","pragma":"no-cache","expires":"Thu, 01 Jan 1970 00:00:00 GMT","x-frame-options":"DENY","strict-transport-security":"max-age=64072000; includeSubDomains; preload"}

[debug] [2026-07-01T17:21:55.728Z] : >>>> HTTP REQUEST : GET https://api.catalyst.zoho.in/baas/get-details 
Query params: {"feature_name":"integration_services"}

[debug] [2026-07-01T17:21:55.753Z] : <<<< HTTP RESPONSE : 200
Response Headers: {"server":"ZGS","date":"Wed, 01 Jul 2026 17:21:55 GMT","content-type":"application/vnd.catalyst.v2+json","transfer-encoding":"chunked","connection":"keep-alive","x-content-type-options":"nosniff","cache-control":"private,no-cache,no-store,max-age=0,must-revalidate","pragma":"no-cache","expires":"Thu, 01 Jan 1970 00:00:00 GMT","x-frame-options":"DENY","strict-transport-security":"max-age=64072000; includeSubDomains; preload"}

